# JRE version: Java(TM) SE Runtime Environment (21.0.7+8) (build 21.0.7+8-LTS-245)
# Java VM: Java HotSpot(TM) 64-Bit Server VM (21.0.7+8-LTS-245, mixed mode, sharing, tiered, compressed oops, compressed class ptrs, g1 gc, windows-amd64)
GC Precious Log:
 CardTable entry size: 512
 Card Set container configuration: InlinePtr #cards 5 size 8 Array Of Cards #cards 12 size 40 Howl #buckets 4 coarsen threshold 1843 Howl Bitmap #cards 512 size 80 coarsen threshold 460 Card regions per heap region 1 cards per card region 2048
 CPUs: 4 total, 4 available
 Memory: 8114M
 Large Page Support: Disabled
 NUMA Support: Disabled
 Compressed Oops: Enabled (32-bit)
 Heap Region Size: 1M
 Heap Min Capacity: 8M
 Heap Initial Capacity: 128M
 Heap Max Capacity: 2030M
 Pre-touch: Disabled
 Parallel Workers: 4
 Concurrent Workers: 1
 Concurrent Refinement Workers: 4
 Periodic GC: Disabled
Heap:
 garbage-first heap   total 131072K, used 40681K [0x0000000081200000, 0x0000000100000000)
  region size 1024K, 38 young (38912K), 9 survivors (9216K)
 Metaspace       used 16134K, committed 16448K, reserved 1114112K
  class space    used 1841K, committed 1984K, reserved 1048576K
GC Heap History (6 events):
Event: 1.632 GC heap before
{Heap before GC invocations=0 (full 0):
 garbage-first heap   total 131072K, used 13312K [0x0000000081200000, 0x0000000100000000)
  region size 1024K, 13 young (13312K), 0 survivors (0K)
 Metaspace       used 3792K, committed 3968K, reserved 1114112K
  class space    used 387K, committed 512K, reserved 1048576K
}
Event: 1.638 GC heap after
{Heap after GC invocations=1 (full 0):
 garbage-first heap   total 131072K, used 3178K [0x0000000081200000, 0x0000000100000000)
  region size 1024K, 2 young (2048K), 2 survivors (2048K)
 Metaspace       used 3792K, committed 3968K, reserved 1114112K
  class space    used 387K, committed 512K, reserved 1048576K
}
Event: 3.201 GC heap before
{Heap before GC invocations=1 (full 0):
 garbage-first heap   total 131072K, used 19562K [0x0000000081200000, 0x0000000100000000)
  region size 1024K, 18 young (18432K), 2 survivors (2048K)
 Metaspace       used 6317K, committed 6528K, reserved 1114112K
  class space    used 726K, committed 832K, reserved 1048576K
}
Event: 3.211 GC heap after
{Heap after GC invocations=2 (full 0):
 garbage-first heap   total 131072K, used 4247K [0x0000000081200000, 0x0000000100000000)
  region size 1024K, 1 young (1024K), 1 survivors (1024K)
 Metaspace       used 6317K, committed 6528K, reserved 1114112K
  class space    used 726K, committed 832K, reserved 1048576K
}
Event: 11.229 GC heap before
{Heap before GC invocations=2 (full 0):
 garbage-first heap   total 131072K, used 80023K [0x0000000081200000, 0x0000000100000000)
  region size 1024K, 76 young (77824K), 1 survivors (1024K)
 Metaspace       used 15810K, committed 16064K, reserved 1114112K
  class space    used 1838K, committed 1920K, reserved 1048576K
}
Event: 11.250 GC heap after
{Heap after GC invocations=3 (full 0):
 garbage-first heap   total 131072K, used 12009K [0x0000000081200000, 0x0000000100000000)
  region size 1024K, 9 young (9216K), 9 survivors (9216K)
 Metaspace       used 15810K, committed 16064K, reserved 1114112K
  class space    used 1838K, committed 1920K, reserved 1048576K
}

